<?xml version="1.0" encoding="UTF-8"?>
<!-- Generated by org.testng.reporters.JUnitReportReporter -->
<testsuite hostname="DESKTOP-DKVFQQ5" failures="0" tests="1" name="demo.naukri.Testdata" time="1.033" errors="0" timestamp="2023-03-30T19:01:41 IST" skipped="0">
  <testcase classname="demo.naukri.Testdata" name="Testread" time="1.033"/>
  <system-out/>
</testsuite> <!-- demo.naukri.Testdata -->
