<?xml version="1.0" encoding="UTF-8"?>
<!-- Generated by org.testng.reporters.JUnitReportReporter -->
<testsuite hostname="DESKTOP-DKVFQQ5" failures="0" tests="1" name="demo.naukri.Academytest" time="45.568" errors="0" timestamp="2023-03-10T10:56:06 IST" skipped="0">
  <testcase classname="demo.naukri.Academytest" name="testlogin" time="45.568"/>
  <system-out/>
</testsuite> <!-- demo.naukri.Academytest -->
