<?xml version="1.0" encoding="UTF-8"?>
<!-- Generated by org.testng.reporters.JUnitReportReporter -->
<testsuite hostname="DESKTOP-DKVFQQ5" failures="0" tests="4" name="demo.naukri.LoginTest" time="38.246" errors="0" timestamp="2023-04-01T19:20:45 IST" skipped="0">
  <testcase classname="demo.naukri.LoginTest" name="TestLog" time="9.310"/>
  <system-out/>
  <testcase classname="demo.naukri.LoginTest" name="TestLog" time="7.383"/>
  <system-out/>
  <testcase classname="demo.naukri.LoginTest" name="TestLog" time="14.316"/>
  <system-out/>
  <testcase classname="demo.naukri.LoginTest" name="TestLog" time="7.237"/>
  <system-out/>
</testsuite> <!-- demo.naukri.LoginTest -->
