<?xml version="1.0" encoding="UTF-8"?>
<!-- Generated by org.testng.reporters.JUnitReportReporter -->
<testsuite hostname="DESKTOP-DKVFQQ5" failures="0" tests="1" name="demo.naukri.Mapdata" time="0.015" errors="0" timestamp="2023-04-01T18:25:08 IST" skipped="0">
  <testcase classname="demo.naukri.Mapdata" name="CollectionsTest" time="0.015"/>
  <system-out/>
</testsuite> <!-- demo.naukri.Mapdata -->
