<?xml version="1.0" encoding="UTF-8"?>
<!-- Generated by org.testng.reporters.JUnitReportReporter -->
<testsuite hostname="DESKTOP-DKVFQQ5" failures="0" tests="1" name="demo.naukri.AutomationPractise" time="24.175" errors="0" timestamp="2023-03-14T16:36:00 IST" skipped="0">
  <testcase classname="demo.naukri.AutomationPractise" name="testAutomation" time="24.175"/>
  <system-out/>
</testsuite> <!-- demo.naukri.AutomationPractise -->
